2013-02-20 15:32:35 Error: Fatal Error (4): syntax error, unexpected '=', expecting ')' in [C:\wamp\www\cakequote\app\Controller\AppController.php, line 12]
2013-02-20 15:32:35 Error: [FatalErrorException] syntax error, unexpected '=', expecting ')'
Request URL: /cakequote/
Stack Trace:
#0 C:\wamp\www\cakequote\lib\Cake\Error\ErrorHandler.php(183): ErrorHandler::handleFatalError(4, 'syntax error, u...', 'C:\wamp\www\cak...', 12)
#1 [internal function]: ErrorHandler::handleError(4, 'syntax error, u...', 'C:\wamp\www\cak...', 12, Array)
#2 C:\wamp\www\cakequote\lib\Cake\Core\App.php(926): call_user_func('ErrorHandler::h...', 4, 'syntax error, u...', 'C:\wamp\www\cak...', 12, Array)
#3 C:\wamp\www\cakequote\lib\Cake\Core\App.php(899): App::_checkFatalError()
#4 [internal function]: App::shutdown()
#5 {main}
2013-02-20 15:33:14 Error: Fatal Error (4): syntax error, unexpected '=', expecting ')' in [C:\wamp\www\cakequote\app\Controller\AppController.php, line 12]
2013-02-20 15:33:14 Error: [FatalErrorException] syntax error, unexpected '=', expecting ')'
Request URL: /cakequote/
Stack Trace:
#0 C:\wamp\www\cakequote\lib\Cake\Error\ErrorHandler.php(183): ErrorHandler::handleFatalError(4, 'syntax error, u...', 'C:\wamp\www\cak...', 12)
#1 [internal function]: ErrorHandler::handleError(4, 'syntax error, u...', 'C:\wamp\www\cak...', 12, Array)
#2 C:\wamp\www\cakequote\lib\Cake\Core\App.php(926): call_user_func('ErrorHandler::h...', 4, 'syntax error, u...', 'C:\wamp\www\cak...', 12, Array)
#3 C:\wamp\www\cakequote\lib\Cake\Core\App.php(899): App::_checkFatalError()
#4 [internal function]: App::shutdown()
#5 {main}
2013-02-20 15:34:06 Error: Fatal Error (4): syntax error, unexpected '=', expecting ')' in [C:\wamp\www\cakequote\app\Controller\AppController.php, line 12]
2013-02-20 15:34:06 Error: [FatalErrorException] syntax error, unexpected '=', expecting ')'
Request URL: /cakequote/
Stack Trace:
#0 C:\wamp\www\cakequote\lib\Cake\Error\ErrorHandler.php(183): ErrorHandler::handleFatalError(4, 'syntax error, u...', 'C:\wamp\www\cak...', 12)
#1 [internal function]: ErrorHandler::handleError(4, 'syntax error, u...', 'C:\wamp\www\cak...', 12, Array)
#2 C:\wamp\www\cakequote\lib\Cake\Core\App.php(926): call_user_func('ErrorHandler::h...', 4, 'syntax error, u...', 'C:\wamp\www\cak...', 12, Array)
#3 C:\wamp\www\cakequote\lib\Cake\Core\App.php(899): App::_checkFatalError()
#4 [internal function]: App::shutdown()
#5 {main}
2013-02-20 15:35:07 Error: Fatal Error (4): syntax error, unexpected '=', expecting ')' in [C:\wamp\www\cakequote\app\Controller\AppController.php, line 12]
2013-02-20 15:35:07 Error: [FatalErrorException] syntax error, unexpected '=', expecting ')'
Request URL: /cakequote/
Stack Trace:
#0 C:\wamp\www\cakequote\lib\Cake\Error\ErrorHandler.php(183): ErrorHandler::handleFatalError(4, 'syntax error, u...', 'C:\wamp\www\cak...', 12)
#1 [internal function]: ErrorHandler::handleError(4, 'syntax error, u...', 'C:\wamp\www\cak...', 12, Array)
#2 C:\wamp\www\cakequote\lib\Cake\Core\App.php(926): call_user_func('ErrorHandler::h...', 4, 'syntax error, u...', 'C:\wamp\www\cak...', 12, Array)
#3 C:\wamp\www\cakequote\lib\Cake\Core\App.php(899): App::_checkFatalError()
#4 [internal function]: App::shutdown()
#5 {main}
2013-02-20 15:35:41 Error: Fatal Error (4): syntax error, unexpected '=', expecting ')' in [C:\wamp\www\cakequote\app\Controller\AppController.php, line 12]
2013-02-20 15:35:41 Error: [FatalErrorException] syntax error, unexpected '=', expecting ')'
Request URL: /cakequote/
Stack Trace:
#0 C:\wamp\www\cakequote\lib\Cake\Error\ErrorHandler.php(183): ErrorHandler::handleFatalError(4, 'syntax error, u...', 'C:\wamp\www\cak...', 12)
#1 [internal function]: ErrorHandler::handleError(4, 'syntax error, u...', 'C:\wamp\www\cak...', 12, Array)
#2 C:\wamp\www\cakequote\lib\Cake\Core\App.php(926): call_user_func('ErrorHandler::h...', 4, 'syntax error, u...', 'C:\wamp\www\cak...', 12, Array)
#3 C:\wamp\www\cakequote\lib\Cake\Core\App.php(899): App::_checkFatalError()
#4 [internal function]: App::shutdown()
#5 {main}
2013-02-20 15:38:22 Error: [MissingActionException] Action UsersController::login() could not be found.
Exception Attributes: array (
  'controller' => 'UsersController',
  'action' => 'login',
)
Request URL: /cakequote/users/login
Stack Trace:
#0 C:\wamp\www\cakequote\lib\Cake\Routing\Dispatcher.php(186): Controller->invokeAction(Object(CakeRequest))
#1 C:\wamp\www\cakequote\lib\Cake\Routing\Dispatcher.php(161): Dispatcher->_invoke(Object(UsersController), Object(CakeRequest), Object(CakeResponse))
#2 C:\wamp\www\cakequote\app\webroot\index.php(97): Dispatcher->dispatch(Object(CakeRequest), Object(CakeResponse))
#3 {main}
2013-02-20 15:40:16 Error: [MissingControllerException] Controller class AddController could not be found.
Exception Attributes: array (
  'class' => 'AddController',
  'plugin' => NULL,
)
Request URL: /cakequote/add
Stack Trace:
#0 C:\wamp\www\cakequote\app\webroot\index.php(97): Dispatcher->dispatch(Object(CakeRequest), Object(CakeResponse))
#1 {main}
2013-02-20 15:40:56 Error: [MissingControllerException] Controller class AddController could not be found.
Exception Attributes: array (
  'class' => 'AddController',
  'plugin' => NULL,
)
Request URL: /cakequote/add
Stack Trace:
#0 C:\wamp\www\cakequote\app\webroot\index.php(97): Dispatcher->dispatch(Object(CakeRequest), Object(CakeResponse))
#1 {main}
2013-02-20 15:44:15 Error: Fatal Error (4): syntax error, unexpected T_PUBLIC in [C:\wamp\www\cakequote\app\Controller\UsersController.php, line 24]
2013-02-20 15:44:15 Error: [FatalErrorException] syntax error, unexpected T_PUBLIC
Request URL: /cakequote/users/login
Stack Trace:
#0 C:\wamp\www\cakequote\lib\Cake\Error\ErrorHandler.php(183): ErrorHandler::handleFatalError(4, 'syntax error, u...', 'C:\wamp\www\cak...', 24)
#1 [internal function]: ErrorHandler::handleError(4, 'syntax error, u...', 'C:\wamp\www\cak...', 24, Array)
#2 C:\wamp\www\cakequote\lib\Cake\Core\App.php(926): call_user_func('ErrorHandler::h...', 4, 'syntax error, u...', 'C:\wamp\www\cak...', 24, Array)
#3 C:\wamp\www\cakequote\lib\Cake\Core\App.php(899): App::_checkFatalError()
#4 [internal function]: App::shutdown()
#5 {main}
2013-02-20 15:44:40 Error: Fatal Error (4): syntax error, unexpected T_PUBLIC in [C:\wamp\www\cakequote\app\Controller\UsersController.php, line 24]
2013-02-20 15:44:40 Error: [FatalErrorException] syntax error, unexpected T_PUBLIC
Request URL: /cakequote/users/login
Stack Trace:
#0 C:\wamp\www\cakequote\lib\Cake\Error\ErrorHandler.php(183): ErrorHandler::handleFatalError(4, 'syntax error, u...', 'C:\wamp\www\cak...', 24)
#1 [internal function]: ErrorHandler::handleError(4, 'syntax error, u...', 'C:\wamp\www\cak...', 24, Array)
#2 C:\wamp\www\cakequote\lib\Cake\Core\App.php(926): call_user_func('ErrorHandler::h...', 4, 'syntax error, u...', 'C:\wamp\www\cak...', 24, Array)
#3 C:\wamp\www\cakequote\lib\Cake\Core\App.php(899): App::_checkFatalError()
#4 [internal function]: App::shutdown()
#5 {main}
2013-02-20 15:44:41 Error: Fatal Error (4): syntax error, unexpected T_PUBLIC in [C:\wamp\www\cakequote\app\Controller\UsersController.php, line 24]
2013-02-20 15:44:41 Error: [FatalErrorException] syntax error, unexpected T_PUBLIC
Request URL: /cakequote/users/login
Stack Trace:
#0 C:\wamp\www\cakequote\lib\Cake\Error\ErrorHandler.php(183): ErrorHandler::handleFatalError(4, 'syntax error, u...', 'C:\wamp\www\cak...', 24)
#1 [internal function]: ErrorHandler::handleError(4, 'syntax error, u...', 'C:\wamp\www\cak...', 24, Array)
#2 C:\wamp\www\cakequote\lib\Cake\Core\App.php(926): call_user_func('ErrorHandler::h...', 4, 'syntax error, u...', 'C:\wamp\www\cak...', 24, Array)
#3 C:\wamp\www\cakequote\lib\Cake\Core\App.php(899): App::_checkFatalError()
#4 [internal function]: App::shutdown()
#5 {main}
2013-02-20 15:44:51 Error: [MissingViewException] View file "C:\wamp\www\cakequote\app\View\Users\login.ctp" is missing.
Exception Attributes: array (
  'file' => 'C:\\wamp\\www\\cakequote\\app\\View\\Users\\login.ctp',
)
Request URL: /cakequote/users/login
Stack Trace:
#0 C:\wamp\www\cakequote\lib\Cake\View\View.php(467): View->_getViewFileName(NULL)
#1 C:\wamp\www\cakequote\lib\Cake\Controller\Controller.php(947): View->render(NULL, NULL)
#2 C:\wamp\www\cakequote\lib\Cake\Routing\Dispatcher.php(193): Controller->render()
#3 C:\wamp\www\cakequote\lib\Cake\Routing\Dispatcher.php(161): Dispatcher->_invoke(Object(UsersController), Object(CakeRequest), Object(CakeResponse))
#4 C:\wamp\www\cakequote\app\webroot\index.php(97): Dispatcher->dispatch(Object(CakeRequest), Object(CakeResponse))
#5 {main}
2013-02-20 15:45:18 Error: [MissingViewException] View file "C:\wamp\www\cakequote\app\View\Users\login.ctp" is missing.
Exception Attributes: array (
  'file' => 'C:\\wamp\\www\\cakequote\\app\\View\\Users\\login.ctp',
)
Request URL: /cakequote/users/login
Stack Trace:
#0 C:\wamp\www\cakequote\lib\Cake\View\View.php(467): View->_getViewFileName(NULL)
#1 C:\wamp\www\cakequote\lib\Cake\Controller\Controller.php(947): View->render(NULL, NULL)
#2 C:\wamp\www\cakequote\lib\Cake\Routing\Dispatcher.php(193): Controller->render()
#3 C:\wamp\www\cakequote\lib\Cake\Routing\Dispatcher.php(161): Dispatcher->_invoke(Object(UsersController), Object(CakeRequest), Object(CakeResponse))
#4 C:\wamp\www\cakequote\app\webroot\index.php(97): Dispatcher->dispatch(Object(CakeRequest), Object(CakeResponse))
#5 {main}
2013-02-20 15:47:35 Error: [MissingViewException] View file "C:\wamp\www\cakequote\app\View\Users\login.ctp" is missing.
Exception Attributes: array (
  'file' => 'C:\\wamp\\www\\cakequote\\app\\View\\Users\\login.ctp',
)
Request URL: /cakequote/users/login
Stack Trace:
#0 C:\wamp\www\cakequote\lib\Cake\View\View.php(467): View->_getViewFileName(NULL)
#1 C:\wamp\www\cakequote\lib\Cake\Controller\Controller.php(947): View->render(NULL, NULL)
#2 C:\wamp\www\cakequote\lib\Cake\Routing\Dispatcher.php(193): Controller->render()
#3 C:\wamp\www\cakequote\lib\Cake\Routing\Dispatcher.php(161): Dispatcher->_invoke(Object(UsersController), Object(CakeRequest), Object(CakeResponse))
#4 C:\wamp\www\cakequote\app\webroot\index.php(97): Dispatcher->dispatch(Object(CakeRequest), Object(CakeResponse))
#5 {main}
2013-02-20 16:16:29 Error: Fatal Error (4): syntax error, unexpected '[' in [C:\wamp\www\cakequote\app\View\Layouts\default.ctp, line 44]
2013-02-20 16:16:29 Error: [FatalErrorException] syntax error, unexpected '['
Request URL: /cakequote/
Stack Trace:
#0 C:\wamp\www\cakequote\lib\Cake\Error\ErrorHandler.php(183): ErrorHandler::handleFatalError(4, 'syntax error, u...', 'C:\wamp\www\cak...', 44)
#1 [internal function]: ErrorHandler::handleError(4, 'syntax error, u...', 'C:\wamp\www\cak...', 44, Array)
#2 C:\wamp\www\cakequote\lib\Cake\Core\App.php(926): call_user_func('ErrorHandler::h...', 4, 'syntax error, u...', 'C:\wamp\www\cak...', 44, Array)
#3 C:\wamp\www\cakequote\lib\Cake\Core\App.php(899): App::_checkFatalError()
#4 [internal function]: App::shutdown()
#5 {main}
2013-02-20 16:16:49 Error: Fatal Error (1): Cannot access empty property in [C:\wamp\www\cakequote\lib\Cake\View\View.php, line 854]
2013-02-20 16:16:49 Error: [FatalErrorException] Cannot access empty property
Request URL: /cakequote/
Stack Trace:
#0 C:\wamp\www\cakequote\lib\Cake\Error\ErrorHandler.php(183): ErrorHandler::handleFatalError(1, 'Cannot access e...', 'C:\wamp\www\cak...', 854)
#1 [internal function]: ErrorHandler::handleError(1, 'Cannot access e...', 'C:\wamp\www\cak...', 854, Array)
#2 C:\wamp\www\cakequote\lib\Cake\Core\App.php(926): call_user_func('ErrorHandler::h...', 1, 'Cannot access e...', 'C:\wamp\www\cak...', 854, Array)
#3 C:\wamp\www\cakequote\lib\Cake\Core\App.php(899): App::_checkFatalError()
#4 [internal function]: App::shutdown()
#5 {main}
